CRITICAL - 2024-03-04 14:18:03 --> Call to undefined method App\Models\M_Sakit::updateData
in SYSTEMPATH\Model.php on line 873.
 1 APPPATH\Controllers\Home.php(555): CodeIgniter\Model->__call('updateData', [...])
 2 SYSTEMPATH\CodeIgniter.php(915): App\Controllers\Home->booking('7')
 3 SYSTEMPATH\CodeIgniter.php(492): CodeIgniter\CodeIgniter->runController(Object(App\Controllers\Home))
 4 SYSTEMPATH\CodeIgniter.php(353): CodeIgniter\CodeIgniter->handleRequest(null, Object(Config\Cache), false)
 5 FCPATH\index.php(79): CodeIgniter\CodeIgniter->run()
 6 SYSTEMPATH\Commands\Server\rewrite.php(47): require_once('C:\\mentalill\\public\\index.php')
CRITICAL - 2024-03-04 14:25:43 --> Cannot redeclare App\Models\M_Sakit::$table
in APPPATH\Models\M_Sakit.php on line 170.
 1 [internal function]: CodeIgniter\Debug\Exceptions->shutdownHandler()
CRITICAL - 2024-03-04 14:26:38 --> Cannot redeclare App\Models\M_Sakit::$table
in APPPATH\Models\M_Sakit.php on line 170.
 1 [internal function]: CodeIgniter\Debug\Exceptions->shutdownHandler()
CRITICAL - 2024-03-04 14:26:41 --> Cannot redeclare App\Models\M_Sakit::$table
in APPPATH\Models\M_Sakit.php on line 170.
 1 [internal function]: CodeIgniter\Debug\Exceptions->shutdownHandler()
CRITICAL - 2024-03-04 14:29:38 --> Cannot redeclare App\Models\M_Sakit::$table
in APPPATH\Models\M_Sakit.php on line 164.
 1 [internal function]: CodeIgniter\Debug\Exceptions->shutdownHandler()
CRITICAL - 2024-03-04 14:29:39 --> Cannot redeclare App\Models\M_Sakit::$table
in APPPATH\Models\M_Sakit.php on line 164.
 1 [internal function]: CodeIgniter\Debug\Exceptions->shutdownHandler()
CRITICAL - 2024-03-04 14:29:39 --> Cannot redeclare App\Models\M_Sakit::$table
in APPPATH\Models\M_Sakit.php on line 164.
 1 [internal function]: CodeIgniter\Debug\Exceptions->shutdownHandler()
CRITICAL - 2024-03-04 14:29:39 --> Cannot redeclare App\Models\M_Sakit::$table
in APPPATH\Models\M_Sakit.php on line 164.
 1 [internal function]: CodeIgniter\Debug\Exceptions->shutdownHandler()
CRITICAL - 2024-03-04 14:30:26 --> Cannot redeclare App\Models\M_Sakit::$table
in APPPATH\Models\M_Sakit.php on line 126.
 1 [internal function]: CodeIgniter\Debug\Exceptions->shutdownHandler()
CRITICAL - 2024-03-04 14:30:27 --> Cannot redeclare App\Models\M_Sakit::$table
in APPPATH\Models\M_Sakit.php on line 126.
 1 [internal function]: CodeIgniter\Debug\Exceptions->shutdownHandler()
CRITICAL - 2024-03-04 14:30:27 --> Cannot redeclare App\Models\M_Sakit::$table
in APPPATH\Models\M_Sakit.php on line 126.
 1 [internal function]: CodeIgniter\Debug\Exceptions->shutdownHandler()
CRITICAL - 2024-03-04 14:30:28 --> Cannot redeclare App\Models\M_Sakit::$table
in APPPATH\Models\M_Sakit.php on line 126.
 1 [internal function]: CodeIgniter\Debug\Exceptions->shutdownHandler()
CRITICAL - 2024-03-04 14:31:57 --> Cannot redeclare App\Models\M_Sakit::$primaryKey
in APPPATH\Models\M_Sakit.php on line 127.
 1 [internal function]: CodeIgniter\Debug\Exceptions->shutdownHandler()
CRITICAL - 2024-03-04 14:31:58 --> Cannot redeclare App\Models\M_Sakit::$primaryKey
in APPPATH\Models\M_Sakit.php on line 127.
 1 [internal function]: CodeIgniter\Debug\Exceptions->shutdownHandler()
ERROR - 2024-03-04 14:32:16 --> mysqli_sql_exception: Table 'twa.lelang' doesn't exist in C:\mentalill\system\Database\MySQLi\Connection.php:306
Stack trace:
#0 C:\mentalill\system\Database\MySQLi\Connection.php(306): mysqli->query('SELECT *\nFROM `...', 0)
#1 C:\mentalill\system\Database\BaseConnection.php(692): CodeIgniter\Database\MySQLi\Connection->execute('SELECT *\nFROM `...')
#2 C:\mentalill\system\Database\BaseConnection.php(606): CodeIgniter\Database\BaseConnection->simpleQuery('SELECT *\nFROM `...')
#3 C:\mentalill\system\Database\BaseBuilder.php(1616): CodeIgniter\Database\BaseConnection->query('SELECT *\nFROM `...', Array, false)
#4 C:\mentalill\system\Model.php(196): CodeIgniter\Database\BaseBuilder->get()
#5 C:\mentalill\system\BaseModel.php(563): CodeIgniter\Model->doFind(true, '7')
#6 C:\mentalill\app\Controllers\Home.php(550): CodeIgniter\BaseModel->find('7')
#7 C:\mentalill\system\CodeIgniter.php(915): App\Controllers\Home->booking('7')
#8 C:\mentalill\system\CodeIgniter.php(492): CodeIgniter\CodeIgniter->runController(Object(App\Controllers\Home))
#9 C:\mentalill\system\CodeIgniter.php(353): CodeIgniter\CodeIgniter->handleRequest(NULL, Object(Config\Cache), false)
#10 C:\mentalill\public\index.php(79): CodeIgniter\CodeIgniter->run()
#11 C:\mentalill\system\Commands\Server\rewrite.php(47): require_once('C:\\mentalill\\pu...')
#12 {main}
CRITICAL - 2024-03-04 14:32:16 --> Table 'twa.lelang' doesn't exist
in SYSTEMPATH\Database\BaseConnection.php on line 646.
 1 SYSTEMPATH\Database\BaseBuilder.php(1616): CodeIgniter\Database\BaseConnection->query('SELECT *
FROM `lelang`
WHERE `lelang`.`id_dokter` = :lelang.id_dokter:', [...], false)
 2 SYSTEMPATH\Model.php(196): CodeIgniter\Database\BaseBuilder->get()
 3 SYSTEMPATH\BaseModel.php(563): CodeIgniter\Model->doFind(true, '7')
 4 APPPATH\Controllers\Home.php(550): CodeIgniter\BaseModel->find('7')
 5 SYSTEMPATH\CodeIgniter.php(915): App\Controllers\Home->booking('7')
 6 SYSTEMPATH\CodeIgniter.php(492): CodeIgniter\CodeIgniter->runController(Object(App\Controllers\Home))
 7 SYSTEMPATH\CodeIgniter.php(353): CodeIgniter\CodeIgniter->handleRequest(null, Object(Config\Cache), false)
 8 FCPATH\index.php(79): CodeIgniter\CodeIgniter->run()
 9 SYSTEMPATH\Commands\Server\rewrite.php(47): require_once('C:\\mentalill\\public\\index.php')
CRITICAL - 2024-03-04 14:34:23 --> You must set the database table to be used with your query.
in SYSTEMPATH\Database\BaseConnection.php on line 883.
 1 SYSTEMPATH\Model.php(635): CodeIgniter\Database\BaseConnection->table(null)
 2 SYSTEMPATH\Model.php(184): CodeIgniter\Model->builder()
 3 SYSTEMPATH\BaseModel.php(563): CodeIgniter\Model->doFind(true, '7')
 4 APPPATH\Controllers\Home.php(550): CodeIgniter\BaseModel->find('7')
 5 SYSTEMPATH\CodeIgniter.php(915): App\Controllers\Home->booking('7')
 6 SYSTEMPATH\CodeIgniter.php(492): CodeIgniter\CodeIgniter->runController(Object(App\Controllers\Home))
 7 SYSTEMPATH\CodeIgniter.php(353): CodeIgniter\CodeIgniter->handleRequest(null, Object(Config\Cache), false)
 8 FCPATH\index.php(79): CodeIgniter\CodeIgniter->run()
 9 SYSTEMPATH\Commands\Server\rewrite.php(47): require_once('C:\\mentalill\\public\\index.php')
ERROR - 2024-03-04 14:35:05 --> mysqli_sql_exception: Table 'twa.lelang' doesn't exist in C:\mentalill\system\Database\MySQLi\Connection.php:306
Stack trace:
#0 C:\mentalill\system\Database\MySQLi\Connection.php(306): mysqli->query('SELECT *\nFROM `...', 0)
#1 C:\mentalill\system\Database\BaseConnection.php(692): CodeIgniter\Database\MySQLi\Connection->execute('SELECT *\nFROM `...')
#2 C:\mentalill\system\Database\BaseConnection.php(606): CodeIgniter\Database\BaseConnection->simpleQuery('SELECT *\nFROM `...')
#3 C:\mentalill\system\Database\BaseBuilder.php(1616): CodeIgniter\Database\BaseConnection->query('SELECT *\nFROM `...', Array, false)
#4 C:\mentalill\system\Model.php(196): CodeIgniter\Database\BaseBuilder->get()
#5 C:\mentalill\system\BaseModel.php(563): CodeIgniter\Model->doFind(true, '7')
#6 C:\mentalill\app\Controllers\Home.php(550): CodeIgniter\BaseModel->find('7')
#7 C:\mentalill\system\CodeIgniter.php(915): App\Controllers\Home->booking('7')
#8 C:\mentalill\system\CodeIgniter.php(492): CodeIgniter\CodeIgniter->runController(Object(App\Controllers\Home))
#9 C:\mentalill\system\CodeIgniter.php(353): CodeIgniter\CodeIgniter->handleRequest(NULL, Object(Config\Cache), false)
#10 C:\mentalill\public\index.php(79): CodeIgniter\CodeIgniter->run()
#11 C:\mentalill\system\Commands\Server\rewrite.php(47): require_once('C:\\mentalill\\pu...')
#12 {main}
CRITICAL - 2024-03-04 14:35:05 --> Table 'twa.lelang' doesn't exist
in SYSTEMPATH\Database\BaseConnection.php on line 646.
 1 SYSTEMPATH\Database\BaseBuilder.php(1616): CodeIgniter\Database\BaseConnection->query('SELECT *
FROM `lelang`
WHERE `lelang`.`id_dokter` = :lelang.id_dokter:', [...], false)
 2 SYSTEMPATH\Model.php(196): CodeIgniter\Database\BaseBuilder->get()
 3 SYSTEMPATH\BaseModel.php(563): CodeIgniter\Model->doFind(true, '7')
 4 APPPATH\Controllers\Home.php(550): CodeIgniter\BaseModel->find('7')
 5 SYSTEMPATH\CodeIgniter.php(915): App\Controllers\Home->booking('7')
 6 SYSTEMPATH\CodeIgniter.php(492): CodeIgniter\CodeIgniter->runController(Object(App\Controllers\Home))
 7 SYSTEMPATH\CodeIgniter.php(353): CodeIgniter\CodeIgniter->handleRequest(null, Object(Config\Cache), false)
 8 FCPATH\index.php(79): CodeIgniter\CodeIgniter->run()
 9 SYSTEMPATH\Commands\Server\rewrite.php(47): require_once('C:\\mentalill\\public\\index.php')
ERROR - 2024-03-04 14:35:58 --> mysqli_sql_exception: Table 'twa.lelang' doesn't exist in C:\mentalill\system\Database\MySQLi\Connection.php:306
Stack trace:
#0 C:\mentalill\system\Database\MySQLi\Connection.php(306): mysqli->query('SELECT *\nFROM `...', 0)
#1 C:\mentalill\system\Database\BaseConnection.php(692): CodeIgniter\Database\MySQLi\Connection->execute('SELECT *\nFROM `...')
#2 C:\mentalill\system\Database\BaseConnection.php(606): CodeIgniter\Database\BaseConnection->simpleQuery('SELECT *\nFROM `...')
#3 C:\mentalill\system\Database\BaseBuilder.php(1616): CodeIgniter\Database\BaseConnection->query('SELECT *\nFROM `...', Array, false)
#4 C:\mentalill\system\Model.php(196): CodeIgniter\Database\BaseBuilder->get()
#5 C:\mentalill\system\BaseModel.php(563): CodeIgniter\Model->doFind(true, '7')
#6 C:\mentalill\app\Controllers\Home.php(550): CodeIgniter\BaseModel->find('7')
#7 C:\mentalill\system\CodeIgniter.php(915): App\Controllers\Home->booking('7')
#8 C:\mentalill\system\CodeIgniter.php(492): CodeIgniter\CodeIgniter->runController(Object(App\Controllers\Home))
#9 C:\mentalill\system\CodeIgniter.php(353): CodeIgniter\CodeIgniter->handleRequest(NULL, Object(Config\Cache), false)
#10 C:\mentalill\public\index.php(79): CodeIgniter\CodeIgniter->run()
#11 C:\mentalill\system\Commands\Server\rewrite.php(47): require_once('C:\\mentalill\\pu...')
#12 {main}
CRITICAL - 2024-03-04 14:35:58 --> Table 'twa.lelang' doesn't exist
in SYSTEMPATH\Database\BaseConnection.php on line 646.
 1 SYSTEMPATH\Database\BaseBuilder.php(1616): CodeIgniter\Database\BaseConnection->query('SELECT *
FROM `lelang`
WHERE `lelang`.`id_dokter` = :lelang.id_dokter:', [...], false)
 2 SYSTEMPATH\Model.php(196): CodeIgniter\Database\BaseBuilder->get()
 3 SYSTEMPATH\BaseModel.php(563): CodeIgniter\Model->doFind(true, '7')
 4 APPPATH\Controllers\Home.php(550): CodeIgniter\BaseModel->find('7')
 5 SYSTEMPATH\CodeIgniter.php(915): App\Controllers\Home->booking('7')
 6 SYSTEMPATH\CodeIgniter.php(492): CodeIgniter\CodeIgniter->runController(Object(App\Controllers\Home))
 7 SYSTEMPATH\CodeIgniter.php(353): CodeIgniter\CodeIgniter->handleRequest(null, Object(Config\Cache), false)
 8 FCPATH\index.php(79): CodeIgniter\CodeIgniter->run()
 9 SYSTEMPATH\Commands\Server\rewrite.php(47): require_once('C:\\mentalill\\public\\index.php')
ERROR - 2024-03-04 14:35:59 --> mysqli_sql_exception: Table 'twa.lelang' doesn't exist in C:\mentalill\system\Database\MySQLi\Connection.php:306
Stack trace:
#0 C:\mentalill\system\Database\MySQLi\Connection.php(306): mysqli->query('SELECT *\nFROM `...', 0)
#1 C:\mentalill\system\Database\BaseConnection.php(692): CodeIgniter\Database\MySQLi\Connection->execute('SELECT *\nFROM `...')
#2 C:\mentalill\system\Database\BaseConnection.php(606): CodeIgniter\Database\BaseConnection->simpleQuery('SELECT *\nFROM `...')
#3 C:\mentalill\system\Database\BaseBuilder.php(1616): CodeIgniter\Database\BaseConnection->query('SELECT *\nFROM `...', Array, false)
#4 C:\mentalill\system\Model.php(196): CodeIgniter\Database\BaseBuilder->get()
#5 C:\mentalill\system\BaseModel.php(563): CodeIgniter\Model->doFind(true, '7')
#6 C:\mentalill\app\Controllers\Home.php(550): CodeIgniter\BaseModel->find('7')
#7 C:\mentalill\system\CodeIgniter.php(915): App\Controllers\Home->booking('7')
#8 C:\mentalill\system\CodeIgniter.php(492): CodeIgniter\CodeIgniter->runController(Object(App\Controllers\Home))
#9 C:\mentalill\system\CodeIgniter.php(353): CodeIgniter\CodeIgniter->handleRequest(NULL, Object(Config\Cache), false)
#10 C:\mentalill\public\index.php(79): CodeIgniter\CodeIgniter->run()
#11 C:\mentalill\system\Commands\Server\rewrite.php(47): require_once('C:\\mentalill\\pu...')
#12 {main}
CRITICAL - 2024-03-04 14:35:59 --> Table 'twa.lelang' doesn't exist
in SYSTEMPATH\Database\BaseConnection.php on line 646.
 1 SYSTEMPATH\Database\BaseBuilder.php(1616): CodeIgniter\Database\BaseConnection->query('SELECT *
FROM `lelang`
WHERE `lelang`.`id_dokter` = :lelang.id_dokter:', [...], false)
 2 SYSTEMPATH\Model.php(196): CodeIgniter\Database\BaseBuilder->get()
 3 SYSTEMPATH\BaseModel.php(563): CodeIgniter\Model->doFind(true, '7')
 4 APPPATH\Controllers\Home.php(550): CodeIgniter\BaseModel->find('7')
 5 SYSTEMPATH\CodeIgniter.php(915): App\Controllers\Home->booking('7')
 6 SYSTEMPATH\CodeIgniter.php(492): CodeIgniter\CodeIgniter->runController(Object(App\Controllers\Home))
 7 SYSTEMPATH\CodeIgniter.php(353): CodeIgniter\CodeIgniter->handleRequest(null, Object(Config\Cache), false)
 8 FCPATH\index.php(79): CodeIgniter\CodeIgniter->run()
 9 SYSTEMPATH\Commands\Server\rewrite.php(47): require_once('C:\\mentalill\\public\\index.php')
ERROR - 2024-03-04 14:35:59 --> mysqli_sql_exception: Table 'twa.lelang' doesn't exist in C:\mentalill\system\Database\MySQLi\Connection.php:306
Stack trace:
#0 C:\mentalill\system\Database\MySQLi\Connection.php(306): mysqli->query('SELECT *\nFROM `...', 0)
#1 C:\mentalill\system\Database\BaseConnection.php(692): CodeIgniter\Database\MySQLi\Connection->execute('SELECT *\nFROM `...')
#2 C:\mentalill\system\Database\BaseConnection.php(606): CodeIgniter\Database\BaseConnection->simpleQuery('SELECT *\nFROM `...')
#3 C:\mentalill\system\Database\BaseBuilder.php(1616): CodeIgniter\Database\BaseConnection->query('SELECT *\nFROM `...', Array, false)
#4 C:\mentalill\system\Model.php(196): CodeIgniter\Database\BaseBuilder->get()
#5 C:\mentalill\system\BaseModel.php(563): CodeIgniter\Model->doFind(true, '7')
#6 C:\mentalill\app\Controllers\Home.php(550): CodeIgniter\BaseModel->find('7')
#7 C:\mentalill\system\CodeIgniter.php(915): App\Controllers\Home->booking('7')
#8 C:\mentalill\system\CodeIgniter.php(492): CodeIgniter\CodeIgniter->runController(Object(App\Controllers\Home))
#9 C:\mentalill\system\CodeIgniter.php(353): CodeIgniter\CodeIgniter->handleRequest(NULL, Object(Config\Cache), false)
#10 C:\mentalill\public\index.php(79): CodeIgniter\CodeIgniter->run()
#11 C:\mentalill\system\Commands\Server\rewrite.php(47): require_once('C:\\mentalill\\pu...')
#12 {main}
CRITICAL - 2024-03-04 14:35:59 --> Table 'twa.lelang' doesn't exist
in SYSTEMPATH\Database\BaseConnection.php on line 646.
 1 SYSTEMPATH\Database\BaseBuilder.php(1616): CodeIgniter\Database\BaseConnection->query('SELECT *
FROM `lelang`
WHERE `lelang`.`id_dokter` = :lelang.id_dokter:', [...], false)
 2 SYSTEMPATH\Model.php(196): CodeIgniter\Database\BaseBuilder->get()
 3 SYSTEMPATH\BaseModel.php(563): CodeIgniter\Model->doFind(true, '7')
 4 APPPATH\Controllers\Home.php(550): CodeIgniter\BaseModel->find('7')
 5 SYSTEMPATH\CodeIgniter.php(915): App\Controllers\Home->booking('7')
 6 SYSTEMPATH\CodeIgniter.php(492): CodeIgniter\CodeIgniter->runController(Object(App\Controllers\Home))
 7 SYSTEMPATH\CodeIgniter.php(353): CodeIgniter\CodeIgniter->handleRequest(null, Object(Config\Cache), false)
 8 FCPATH\index.php(79): CodeIgniter\CodeIgniter->run()
 9 SYSTEMPATH\Commands\Server\rewrite.php(47): require_once('C:\\mentalill\\public\\index.php')
CRITICAL - 2024-03-04 14:37:53 --> You must set the database table to be used with your query.
in SYSTEMPATH\Database\BaseConnection.php on line 883.
 1 SYSTEMPATH\Model.php(635): CodeIgniter\Database\BaseConnection->table(null)
 2 SYSTEMPATH\Model.php(184): CodeIgniter\Model->builder()
 3 SYSTEMPATH\BaseModel.php(563): CodeIgniter\Model->doFind(true, '7')
 4 APPPATH\Controllers\Home.php(550): CodeIgniter\BaseModel->find('7')
 5 SYSTEMPATH\CodeIgniter.php(915): App\Controllers\Home->booking('7')
 6 SYSTEMPATH\CodeIgniter.php(492): CodeIgniter\CodeIgniter->runController(Object(App\Controllers\Home))
 7 SYSTEMPATH\CodeIgniter.php(353): CodeIgniter\CodeIgniter->handleRequest(null, Object(Config\Cache), false)
 8 FCPATH\index.php(79): CodeIgniter\CodeIgniter->run()
 9 SYSTEMPATH\Commands\Server\rewrite.php(47): require_once('C:\\mentalill\\public\\index.php')
ERROR - 2024-03-04 14:38:44 --> mysqli_sql_exception: Table 'twa.lelang' doesn't exist in C:\mentalill\system\Database\MySQLi\Connection.php:306
Stack trace:
#0 C:\mentalill\system\Database\MySQLi\Connection.php(306): mysqli->query('SELECT *\nFROM `...', 0)
#1 C:\mentalill\system\Database\BaseConnection.php(692): CodeIgniter\Database\MySQLi\Connection->execute('SELECT *\nFROM `...')
#2 C:\mentalill\system\Database\BaseConnection.php(606): CodeIgniter\Database\BaseConnection->simpleQuery('SELECT *\nFROM `...')
#3 C:\mentalill\system\Database\BaseBuilder.php(1616): CodeIgniter\Database\BaseConnection->query('SELECT *\nFROM `...', Array, false)
#4 C:\mentalill\system\Model.php(196): CodeIgniter\Database\BaseBuilder->get()
#5 C:\mentalill\system\BaseModel.php(563): CodeIgniter\Model->doFind(true, '7')
#6 C:\mentalill\app\Controllers\Home.php(550): CodeIgniter\BaseModel->find('7')
#7 C:\mentalill\system\CodeIgniter.php(915): App\Controllers\Home->booking('7')
#8 C:\mentalill\system\CodeIgniter.php(492): CodeIgniter\CodeIgniter->runController(Object(App\Controllers\Home))
#9 C:\mentalill\system\CodeIgniter.php(353): CodeIgniter\CodeIgniter->handleRequest(NULL, Object(Config\Cache), false)
#10 C:\mentalill\public\index.php(79): CodeIgniter\CodeIgniter->run()
#11 C:\mentalill\system\Commands\Server\rewrite.php(47): require_once('C:\\mentalill\\pu...')
#12 {main}
CRITICAL - 2024-03-04 14:38:44 --> Table 'twa.lelang' doesn't exist
in SYSTEMPATH\Database\BaseConnection.php on line 646.
 1 SYSTEMPATH\Database\BaseBuilder.php(1616): CodeIgniter\Database\BaseConnection->query('SELECT *
FROM `lelang`
WHERE `lelang`.`id_dokter` = :lelang.id_dokter:', [...], false)
 2 SYSTEMPATH\Model.php(196): CodeIgniter\Database\BaseBuilder->get()
 3 SYSTEMPATH\BaseModel.php(563): CodeIgniter\Model->doFind(true, '7')
 4 APPPATH\Controllers\Home.php(550): CodeIgniter\BaseModel->find('7')
 5 SYSTEMPATH\CodeIgniter.php(915): App\Controllers\Home->booking('7')
 6 SYSTEMPATH\CodeIgniter.php(492): CodeIgniter\CodeIgniter->runController(Object(App\Controllers\Home))
 7 SYSTEMPATH\CodeIgniter.php(353): CodeIgniter\CodeIgniter->handleRequest(null, Object(Config\Cache), false)
 8 FCPATH\index.php(79): CodeIgniter\CodeIgniter->run()
 9 SYSTEMPATH\Commands\Server\rewrite.php(47): require_once('C:\\mentalill\\public\\index.php')
ERROR - 2024-03-04 14:38:44 --> mysqli_sql_exception: Table 'twa.lelang' doesn't exist in C:\mentalill\system\Database\MySQLi\Connection.php:306
Stack trace:
#0 C:\mentalill\system\Database\MySQLi\Connection.php(306): mysqli->query('SELECT *\nFROM `...', 0)
#1 C:\mentalill\system\Database\BaseConnection.php(692): CodeIgniter\Database\MySQLi\Connection->execute('SELECT *\nFROM `...')
#2 C:\mentalill\system\Database\BaseConnection.php(606): CodeIgniter\Database\BaseConnection->simpleQuery('SELECT *\nFROM `...')
#3 C:\mentalill\system\Database\BaseBuilder.php(1616): CodeIgniter\Database\BaseConnection->query('SELECT *\nFROM `...', Array, false)
#4 C:\mentalill\system\Model.php(196): CodeIgniter\Database\BaseBuilder->get()
#5 C:\mentalill\system\BaseModel.php(563): CodeIgniter\Model->doFind(true, '7')
#6 C:\mentalill\app\Controllers\Home.php(550): CodeIgniter\BaseModel->find('7')
#7 C:\mentalill\system\CodeIgniter.php(915): App\Controllers\Home->booking('7')
#8 C:\mentalill\system\CodeIgniter.php(492): CodeIgniter\CodeIgniter->runController(Object(App\Controllers\Home))
#9 C:\mentalill\system\CodeIgniter.php(353): CodeIgniter\CodeIgniter->handleRequest(NULL, Object(Config\Cache), false)
#10 C:\mentalill\public\index.php(79): CodeIgniter\CodeIgniter->run()
#11 C:\mentalill\system\Commands\Server\rewrite.php(47): require_once('C:\\mentalill\\pu...')
#12 {main}
CRITICAL - 2024-03-04 14:38:44 --> Table 'twa.lelang' doesn't exist
in SYSTEMPATH\Database\BaseConnection.php on line 646.
 1 SYSTEMPATH\Database\BaseBuilder.php(1616): CodeIgniter\Database\BaseConnection->query('SELECT *
FROM `lelang`
WHERE `lelang`.`id_dokter` = :lelang.id_dokter:', [...], false)
 2 SYSTEMPATH\Model.php(196): CodeIgniter\Database\BaseBuilder->get()
 3 SYSTEMPATH\BaseModel.php(563): CodeIgniter\Model->doFind(true, '7')
 4 APPPATH\Controllers\Home.php(550): CodeIgniter\BaseModel->find('7')
 5 SYSTEMPATH\CodeIgniter.php(915): App\Controllers\Home->booking('7')
 6 SYSTEMPATH\CodeIgniter.php(492): CodeIgniter\CodeIgniter->runController(Object(App\Controllers\Home))
 7 SYSTEMPATH\CodeIgniter.php(353): CodeIgniter\CodeIgniter->handleRequest(null, Object(Config\Cache), false)
 8 FCPATH\index.php(79): CodeIgniter\CodeIgniter->run()
 9 SYSTEMPATH\Commands\Server\rewrite.php(47): require_once('C:\\mentalill\\public\\index.php')
ERROR - 2024-03-04 14:38:44 --> mysqli_sql_exception: Table 'twa.lelang' doesn't exist in C:\mentalill\system\Database\MySQLi\Connection.php:306
Stack trace:
#0 C:\mentalill\system\Database\MySQLi\Connection.php(306): mysqli->query('SELECT *\nFROM `...', 0)
#1 C:\mentalill\system\Database\BaseConnection.php(692): CodeIgniter\Database\MySQLi\Connection->execute('SELECT *\nFROM `...')
#2 C:\mentalill\system\Database\BaseConnection.php(606): CodeIgniter\Database\BaseConnection->simpleQuery('SELECT *\nFROM `...')
#3 C:\mentalill\system\Database\BaseBuilder.php(1616): CodeIgniter\Database\BaseConnection->query('SELECT *\nFROM `...', Array, false)
#4 C:\mentalill\system\Model.php(196): CodeIgniter\Database\BaseBuilder->get()
#5 C:\mentalill\system\BaseModel.php(563): CodeIgniter\Model->doFind(true, '7')
#6 C:\mentalill\app\Controllers\Home.php(550): CodeIgniter\BaseModel->find('7')
#7 C:\mentalill\system\CodeIgniter.php(915): App\Controllers\Home->booking('7')
#8 C:\mentalill\system\CodeIgniter.php(492): CodeIgniter\CodeIgniter->runController(Object(App\Controllers\Home))
#9 C:\mentalill\system\CodeIgniter.php(353): CodeIgniter\CodeIgniter->handleRequest(NULL, Object(Config\Cache), false)
#10 C:\mentalill\public\index.php(79): CodeIgniter\CodeIgniter->run()
#11 C:\mentalill\system\Commands\Server\rewrite.php(47): require_once('C:\\mentalill\\pu...')
#12 {main}
CRITICAL - 2024-03-04 14:38:44 --> Table 'twa.lelang' doesn't exist
in SYSTEMPATH\Database\BaseConnection.php on line 646.
 1 SYSTEMPATH\Database\BaseBuilder.php(1616): CodeIgniter\Database\BaseConnection->query('SELECT *
FROM `lelang`
WHERE `lelang`.`id_dokter` = :lelang.id_dokter:', [...], false)
 2 SYSTEMPATH\Model.php(196): CodeIgniter\Database\BaseBuilder->get()
 3 SYSTEMPATH\BaseModel.php(563): CodeIgniter\Model->doFind(true, '7')
 4 APPPATH\Controllers\Home.php(550): CodeIgniter\BaseModel->find('7')
 5 SYSTEMPATH\CodeIgniter.php(915): App\Controllers\Home->booking('7')
 6 SYSTEMPATH\CodeIgniter.php(492): CodeIgniter\CodeIgniter->runController(Object(App\Controllers\Home))
 7 SYSTEMPATH\CodeIgniter.php(353): CodeIgniter\CodeIgniter->handleRequest(null, Object(Config\Cache), false)
 8 FCPATH\index.php(79): CodeIgniter\CodeIgniter->run()
 9 SYSTEMPATH\Commands\Server\rewrite.php(47): require_once('C:\\mentalill\\public\\index.php')
CRITICAL - 2024-03-04 14:43:16 --> syntax error, unexpected token "public", expecting "," or ";"
in APPPATH\Models\M_Sakit.php on line 123.
 1 SYSTEMPATH\Autoloader\Autoloader.php(285): CodeIgniter\Autoloader\Autoloader->includeFile('C:\\mentalill\\app\\Models\\M_Sakit.php')
 2 SYSTEMPATH\Autoloader\Autoloader.php(263): CodeIgniter\Autoloader\Autoloader->loadInNamespace('App\\Models\\M_Sakit')
 3 APPPATH\Controllers\Home.php(547): CodeIgniter\Autoloader\Autoloader->loadClass('App\\Models\\M_Sakit')
 4 SYSTEMPATH\CodeIgniter.php(915): App\Controllers\Home->booking('7')
 5 SYSTEMPATH\CodeIgniter.php(492): CodeIgniter\CodeIgniter->runController(Object(App\Controllers\Home))
 6 SYSTEMPATH\CodeIgniter.php(353): CodeIgniter\CodeIgniter->handleRequest(null, Object(Config\Cache), false)
 7 FCPATH\index.php(79): CodeIgniter\CodeIgniter->run()
 8 SYSTEMPATH\Commands\Server\rewrite.php(47): require_once('C:\\mentalill\\public\\index.php')
CRITICAL - 2024-03-04 14:43:26 --> syntax error, unexpected token "public", expecting "," or ";"
in APPPATH\Models\M_Sakit.php on line 127.
 1 SYSTEMPATH\Autoloader\Autoloader.php(285): CodeIgniter\Autoloader\Autoloader->includeFile('C:\\mentalill\\app\\Models\\M_Sakit.php')
 2 SYSTEMPATH\Autoloader\Autoloader.php(263): CodeIgniter\Autoloader\Autoloader->loadInNamespace('App\\Models\\M_Sakit')
 3 APPPATH\Controllers\Home.php(547): CodeIgniter\Autoloader\Autoloader->loadClass('App\\Models\\M_Sakit')
 4 SYSTEMPATH\CodeIgniter.php(915): App\Controllers\Home->booking('7')
 5 SYSTEMPATH\CodeIgniter.php(492): CodeIgniter\CodeIgniter->runController(Object(App\Controllers\Home))
 6 SYSTEMPATH\CodeIgniter.php(353): CodeIgniter\CodeIgniter->handleRequest(null, Object(Config\Cache), false)
 7 FCPATH\index.php(79): CodeIgniter\CodeIgniter->run()
 8 SYSTEMPATH\Commands\Server\rewrite.php(47): require_once('C:\\mentalill\\public\\index.php')
CRITICAL - 2024-03-04 14:43:33 --> syntax error, unexpected token "}", expecting "," or ";"
in APPPATH\Models\M_Sakit.php on line 128.
 1 SYSTEMPATH\Autoloader\Autoloader.php(285): CodeIgniter\Autoloader\Autoloader->includeFile('C:\\mentalill\\app\\Models\\M_Sakit.php')
 2 SYSTEMPATH\Autoloader\Autoloader.php(263): CodeIgniter\Autoloader\Autoloader->loadInNamespace('App\\Models\\M_Sakit')
 3 APPPATH\Controllers\Home.php(547): CodeIgniter\Autoloader\Autoloader->loadClass('App\\Models\\M_Sakit')
 4 SYSTEMPATH\CodeIgniter.php(915): App\Controllers\Home->booking('7')
 5 SYSTEMPATH\CodeIgniter.php(492): CodeIgniter\CodeIgniter->runController(Object(App\Controllers\Home))
 6 SYSTEMPATH\CodeIgniter.php(353): CodeIgniter\CodeIgniter->handleRequest(null, Object(Config\Cache), false)
 7 FCPATH\index.php(79): CodeIgniter\CodeIgniter->run()
 8 SYSTEMPATH\Commands\Server\rewrite.php(47): require_once('C:\\mentalill\\public\\index.php')
CRITICAL - 2024-03-04 15:09:23 --> Undefined variable $satu
in APPPATH\Views\edit_profile.php on line 14.
 1 APPPATH\Views\edit_profile.php(14): CodeIgniter\Debug\Exceptions->errorHandler(2, 'Undefined variable $satu', 'C:\\mentalill\\app\\Views\\edit_profile.php', 14)
 2 SYSTEMPATH\View\View.php(226): include('C:\\mentalill\\app\\Views\\edit_profile.php')
 3 SYSTEMPATH\View\View.php(229): CodeIgniter\View\View->CodeIgniter\View\{closure}()
 4 SYSTEMPATH\Common.php(1178): CodeIgniter\View\View->render('edit_profile', [], true)
 5 APPPATH\Controllers\Home.php(649): view('edit_profile', [...])
 6 SYSTEMPATH\CodeIgniter.php(915): App\Controllers\Home->edit_profile('1')
 7 SYSTEMPATH\CodeIgniter.php(492): CodeIgniter\CodeIgniter->runController(Object(App\Controllers\Home))
 8 SYSTEMPATH\CodeIgniter.php(353): CodeIgniter\CodeIgniter->handleRequest(null, Object(Config\Cache), false)
 9 FCPATH\index.php(79): CodeIgniter\CodeIgniter->run()
10 SYSTEMPATH\Commands\Server\rewrite.php(47): require_once('C:\\mentalill\\public\\index.php')
CRITICAL - 2024-03-04 15:10:19 --> Undefined variable $where
in APPPATH\Controllers\Home.php on line 646.
 1 APPPATH\Controllers\Home.php(646): CodeIgniter\Debug\Exceptions->errorHandler(2, 'Undefined variable $where', 'C:\\mentalill\\app\\Controllers\\Home.php', 646)
 2 SYSTEMPATH\CodeIgniter.php(915): App\Controllers\Home->edit_profile('1')
 3 SYSTEMPATH\CodeIgniter.php(492): CodeIgniter\CodeIgniter->runController(Object(App\Controllers\Home))
 4 SYSTEMPATH\CodeIgniter.php(353): CodeIgniter\CodeIgniter->handleRequest(null, Object(Config\Cache), false)
 5 FCPATH\index.php(79): CodeIgniter\CodeIgniter->run()
 6 SYSTEMPATH\Commands\Server\rewrite.php(47): require_once('C:\\mentalill\\public\\index.php')
CRITICAL - 2024-03-04 15:10:49 --> Undefined variable $where
in APPPATH\Controllers\Home.php on line 646.
 1 APPPATH\Controllers\Home.php(646): CodeIgniter\Debug\Exceptions->errorHandler(2, 'Undefined variable $where', 'C:\\mentalill\\app\\Controllers\\Home.php', 646)
 2 SYSTEMPATH\CodeIgniter.php(915): App\Controllers\Home->edit_profile('1')
 3 SYSTEMPATH\CodeIgniter.php(492): CodeIgniter\CodeIgniter->runController(Object(App\Controllers\Home))
 4 SYSTEMPATH\CodeIgniter.php(353): CodeIgniter\CodeIgniter->handleRequest(null, Object(Config\Cache), false)
 5 FCPATH\index.php(79): CodeIgniter\CodeIgniter->run()
 6 SYSTEMPATH\Commands\Server\rewrite.php(47): require_once('C:\\mentalill\\public\\index.php')
CRITICAL - 2024-03-04 15:10:57 --> Undefined variable $where
in APPPATH\Controllers\Home.php on line 646.
 1 APPPATH\Controllers\Home.php(646): CodeIgniter\Debug\Exceptions->errorHandler(2, 'Undefined variable $where', 'C:\\mentalill\\app\\Controllers\\Home.php', 646)
 2 SYSTEMPATH\CodeIgniter.php(915): App\Controllers\Home->edit_profile('1')
 3 SYSTEMPATH\CodeIgniter.php(492): CodeIgniter\CodeIgniter->runController(Object(App\Controllers\Home))
 4 SYSTEMPATH\CodeIgniter.php(353): CodeIgniter\CodeIgniter->handleRequest(null, Object(Config\Cache), false)
 5 FCPATH\index.php(79): CodeIgniter\CodeIgniter->run()
 6 SYSTEMPATH\Commands\Server\rewrite.php(47): require_once('C:\\mentalill\\public\\index.php')
CRITICAL - 2024-03-04 15:10:58 --> Undefined variable $where
in APPPATH\Controllers\Home.php on line 646.
 1 APPPATH\Controllers\Home.php(646): CodeIgniter\Debug\Exceptions->errorHandler(2, 'Undefined variable $where', 'C:\\mentalill\\app\\Controllers\\Home.php', 646)
 2 SYSTEMPATH\CodeIgniter.php(915): App\Controllers\Home->edit_profile('1')
 3 SYSTEMPATH\CodeIgniter.php(492): CodeIgniter\CodeIgniter->runController(Object(App\Controllers\Home))
 4 SYSTEMPATH\CodeIgniter.php(353): CodeIgniter\CodeIgniter->handleRequest(null, Object(Config\Cache), false)
 5 FCPATH\index.php(79): CodeIgniter\CodeIgniter->run()
 6 SYSTEMPATH\Commands\Server\rewrite.php(47): require_once('C:\\mentalill\\public\\index.php')
CRITICAL - 2024-03-04 15:10:58 --> Undefined variable $where
in APPPATH\Controllers\Home.php on line 646.
 1 APPPATH\Controllers\Home.php(646): CodeIgniter\Debug\Exceptions->errorHandler(2, 'Undefined variable $where', 'C:\\mentalill\\app\\Controllers\\Home.php', 646)
 2 SYSTEMPATH\CodeIgniter.php(915): App\Controllers\Home->edit_profile('1')
 3 SYSTEMPATH\CodeIgniter.php(492): CodeIgniter\CodeIgniter->runController(Object(App\Controllers\Home))
 4 SYSTEMPATH\CodeIgniter.php(353): CodeIgniter\CodeIgniter->handleRequest(null, Object(Config\Cache), false)
 5 FCPATH\index.php(79): CodeIgniter\CodeIgniter->run()
 6 SYSTEMPATH\Commands\Server\rewrite.php(47): require_once('C:\\mentalill\\public\\index.php')
CRITICAL - 2024-03-04 15:10:58 --> Undefined variable $where
in APPPATH\Controllers\Home.php on line 646.
 1 APPPATH\Controllers\Home.php(646): CodeIgniter\Debug\Exceptions->errorHandler(2, 'Undefined variable $where', 'C:\\mentalill\\app\\Controllers\\Home.php', 646)
 2 SYSTEMPATH\CodeIgniter.php(915): App\Controllers\Home->edit_profile('1')
 3 SYSTEMPATH\CodeIgniter.php(492): CodeIgniter\CodeIgniter->runController(Object(App\Controllers\Home))
 4 SYSTEMPATH\CodeIgniter.php(353): CodeIgniter\CodeIgniter->handleRequest(null, Object(Config\Cache), false)
 5 FCPATH\index.php(79): CodeIgniter\CodeIgniter->run()
 6 SYSTEMPATH\Commands\Server\rewrite.php(47): require_once('C:\\mentalill\\public\\index.php')
CRITICAL - 2024-03-04 15:11:22 --> Undefined variable $where
in APPPATH\Controllers\Home.php on line 646.
 1 APPPATH\Controllers\Home.php(646): CodeIgniter\Debug\Exceptions->errorHandler(2, 'Undefined variable $where', 'C:\\mentalill\\app\\Controllers\\Home.php', 646)
 2 SYSTEMPATH\CodeIgniter.php(915): App\Controllers\Home->edit_profile('1')
 3 SYSTEMPATH\CodeIgniter.php(492): CodeIgniter\CodeIgniter->runController(Object(App\Controllers\Home))
 4 SYSTEMPATH\CodeIgniter.php(353): CodeIgniter\CodeIgniter->handleRequest(null, Object(Config\Cache), false)
 5 FCPATH\index.php(79): CodeIgniter\CodeIgniter->run()
 6 SYSTEMPATH\Commands\Server\rewrite.php(47): require_once('C:\\mentalill\\public\\index.php')
CRITICAL - 2024-03-04 15:14:07 --> Undefined variable $where
in APPPATH\Controllers\Home.php on line 646.
 1 APPPATH\Controllers\Home.php(646): CodeIgniter\Debug\Exceptions->errorHandler(2, 'Undefined variable $where', 'C:\\mentalill\\app\\Controllers\\Home.php', 646)
 2 SYSTEMPATH\CodeIgniter.php(915): App\Controllers\Home->edit_profile('1')
 3 SYSTEMPATH\CodeIgniter.php(492): CodeIgniter\CodeIgniter->runController(Object(App\Controllers\Home))
 4 SYSTEMPATH\CodeIgniter.php(353): CodeIgniter\CodeIgniter->handleRequest(null, Object(Config\Cache), false)
 5 FCPATH\index.php(79): CodeIgniter\CodeIgniter->run()
 6 SYSTEMPATH\Commands\Server\rewrite.php(47): require_once('C:\\mentalill\\public\\index.php')
CRITICAL - 2024-03-04 15:14:07 --> Undefined variable $where
in APPPATH\Controllers\Home.php on line 646.
 1 APPPATH\Controllers\Home.php(646): CodeIgniter\Debug\Exceptions->errorHandler(2, 'Undefined variable $where', 'C:\\mentalill\\app\\Controllers\\Home.php', 646)
 2 SYSTEMPATH\CodeIgniter.php(915): App\Controllers\Home->edit_profile('1')
 3 SYSTEMPATH\CodeIgniter.php(492): CodeIgniter\CodeIgniter->runController(Object(App\Controllers\Home))
 4 SYSTEMPATH\CodeIgniter.php(353): CodeIgniter\CodeIgniter->handleRequest(null, Object(Config\Cache), false)
 5 FCPATH\index.php(79): CodeIgniter\CodeIgniter->run()
 6 SYSTEMPATH\Commands\Server\rewrite.php(47): require_once('C:\\mentalill\\public\\index.php')
CRITICAL - 2024-03-04 15:14:07 --> Undefined variable $where
in APPPATH\Controllers\Home.php on line 646.
 1 APPPATH\Controllers\Home.php(646): CodeIgniter\Debug\Exceptions->errorHandler(2, 'Undefined variable $where', 'C:\\mentalill\\app\\Controllers\\Home.php', 646)
 2 SYSTEMPATH\CodeIgniter.php(915): App\Controllers\Home->edit_profile('1')
 3 SYSTEMPATH\CodeIgniter.php(492): CodeIgniter\CodeIgniter->runController(Object(App\Controllers\Home))
 4 SYSTEMPATH\CodeIgniter.php(353): CodeIgniter\CodeIgniter->handleRequest(null, Object(Config\Cache), false)
 5 FCPATH\index.php(79): CodeIgniter\CodeIgniter->run()
 6 SYSTEMPATH\Commands\Server\rewrite.php(47): require_once('C:\\mentalill\\public\\index.php')
CRITICAL - 2024-03-04 15:14:07 --> Undefined variable $where
in APPPATH\Controllers\Home.php on line 646.
 1 APPPATH\Controllers\Home.php(646): CodeIgniter\Debug\Exceptions->errorHandler(2, 'Undefined variable $where', 'C:\\mentalill\\app\\Controllers\\Home.php', 646)
 2 SYSTEMPATH\CodeIgniter.php(915): App\Controllers\Home->edit_profile('1')
 3 SYSTEMPATH\CodeIgniter.php(492): CodeIgniter\CodeIgniter->runController(Object(App\Controllers\Home))
 4 SYSTEMPATH\CodeIgniter.php(353): CodeIgniter\CodeIgniter->handleRequest(null, Object(Config\Cache), false)
 5 FCPATH\index.php(79): CodeIgniter\CodeIgniter->run()
 6 SYSTEMPATH\Commands\Server\rewrite.php(47): require_once('C:\\mentalill\\public\\index.php')
CRITICAL - 2024-03-04 15:14:08 --> Undefined variable $where
in APPPATH\Controllers\Home.php on line 646.
 1 APPPATH\Controllers\Home.php(646): CodeIgniter\Debug\Exceptions->errorHandler(2, 'Undefined variable $where', 'C:\\mentalill\\app\\Controllers\\Home.php', 646)
 2 SYSTEMPATH\CodeIgniter.php(915): App\Controllers\Home->edit_profile('1')
 3 SYSTEMPATH\CodeIgniter.php(492): CodeIgniter\CodeIgniter->runController(Object(App\Controllers\Home))
 4 SYSTEMPATH\CodeIgniter.php(353): CodeIgniter\CodeIgniter->handleRequest(null, Object(Config\Cache), false)
 5 FCPATH\index.php(79): CodeIgniter\CodeIgniter->run()
 6 SYSTEMPATH\Commands\Server\rewrite.php(47): require_once('C:\\mentalill\\public\\index.php')
CRITICAL - 2024-03-04 15:14:08 --> Undefined variable $where
in APPPATH\Controllers\Home.php on line 646.
 1 APPPATH\Controllers\Home.php(646): CodeIgniter\Debug\Exceptions->errorHandler(2, 'Undefined variable $where', 'C:\\mentalill\\app\\Controllers\\Home.php', 646)
 2 SYSTEMPATH\CodeIgniter.php(915): App\Controllers\Home->edit_profile('1')
 3 SYSTEMPATH\CodeIgniter.php(492): CodeIgniter\CodeIgniter->runController(Object(App\Controllers\Home))
 4 SYSTEMPATH\CodeIgniter.php(353): CodeIgniter\CodeIgniter->handleRequest(null, Object(Config\Cache), false)
 5 FCPATH\index.php(79): CodeIgniter\CodeIgniter->run()
 6 SYSTEMPATH\Commands\Server\rewrite.php(47): require_once('C:\\mentalill\\public\\index.php')
CRITICAL - 2024-03-04 15:14:08 --> Undefined variable $where
in APPPATH\Controllers\Home.php on line 646.
 1 APPPATH\Controllers\Home.php(646): CodeIgniter\Debug\Exceptions->errorHandler(2, 'Undefined variable $where', 'C:\\mentalill\\app\\Controllers\\Home.php', 646)
 2 SYSTEMPATH\CodeIgniter.php(915): App\Controllers\Home->edit_profile('1')
 3 SYSTEMPATH\CodeIgniter.php(492): CodeIgniter\CodeIgniter->runController(Object(App\Controllers\Home))
 4 SYSTEMPATH\CodeIgniter.php(353): CodeIgniter\CodeIgniter->handleRequest(null, Object(Config\Cache), false)
 5 FCPATH\index.php(79): CodeIgniter\CodeIgniter->run()
 6 SYSTEMPATH\Commands\Server\rewrite.php(47): require_once('C:\\mentalill\\public\\index.php')
CRITICAL - 2024-03-04 15:14:09 --> Undefined variable $where
in APPPATH\Controllers\Home.php on line 646.
 1 APPPATH\Controllers\Home.php(646): CodeIgniter\Debug\Exceptions->errorHandler(2, 'Undefined variable $where', 'C:\\mentalill\\app\\Controllers\\Home.php', 646)
 2 SYSTEMPATH\CodeIgniter.php(915): App\Controllers\Home->edit_profile('1')
 3 SYSTEMPATH\CodeIgniter.php(492): CodeIgniter\CodeIgniter->runController(Object(App\Controllers\Home))
 4 SYSTEMPATH\CodeIgniter.php(353): CodeIgniter\CodeIgniter->handleRequest(null, Object(Config\Cache), false)
 5 FCPATH\index.php(79): CodeIgniter\CodeIgniter->run()
 6 SYSTEMPATH\Commands\Server\rewrite.php(47): require_once('C:\\mentalill\\public\\index.php')
CRITICAL - 2024-03-04 15:14:09 --> Undefined variable $where
in APPPATH\Controllers\Home.php on line 646.
 1 APPPATH\Controllers\Home.php(646): CodeIgniter\Debug\Exceptions->errorHandler(2, 'Undefined variable $where', 'C:\\mentalill\\app\\Controllers\\Home.php', 646)
 2 SYSTEMPATH\CodeIgniter.php(915): App\Controllers\Home->edit_profile('1')
 3 SYSTEMPATH\CodeIgniter.php(492): CodeIgniter\CodeIgniter->runController(Object(App\Controllers\Home))
 4 SYSTEMPATH\CodeIgniter.php(353): CodeIgniter\CodeIgniter->handleRequest(null, Object(Config\Cache), false)
 5 FCPATH\index.php(79): CodeIgniter\CodeIgniter->run()
 6 SYSTEMPATH\Commands\Server\rewrite.php(47): require_once('C:\\mentalill\\public\\index.php')
