ERROR - 2024-03-06 22:40:22 --> mysqli_sql_exception: Unknown column 'id_user' in 'where clause' in C:\mentalill\system\Database\MySQLi\Connection.php:306
Stack trace:
#0 C:\mentalill\system\Database\MySQLi\Connection.php(306): mysqli->query('SELECT *\nFROM `...', 0)
#1 C:\mentalill\system\Database\BaseConnection.php(692): CodeIgniter\Database\MySQLi\Connection->execute('SELECT *\nFROM `...')
#2 C:\mentalill\system\Database\BaseConnection.php(606): CodeIgniter\Database\BaseConnection->simpleQuery('SELECT *\nFROM `...')
#3 C:\mentalill\system\Database\BaseBuilder.php(1616): CodeIgniter\Database\BaseConnection->query('SELECT *\nFROM `...', Array, false)
#4 C:\mentalill\system\Model.php(264): CodeIgniter\Database\BaseBuilder->get()
#5 C:\mentalill\system\BaseModel.php(662): CodeIgniter\Model->doFirst()
#6 C:\mentalill\app\Controllers\Home.php(583): CodeIgniter\BaseModel->first()
#7 C:\mentalill\system\CodeIgniter.php(915): App\Controllers\Home->booking('7')
#8 C:\mentalill\system\CodeIgniter.php(492): CodeIgniter\CodeIgniter->runController(Object(App\Controllers\Home))
#9 C:\mentalill\system\CodeIgniter.php(353): CodeIgniter\CodeIgniter->handleRequest(NULL, Object(Config\Cache), false)
#10 C:\mentalill\public\index.php(79): CodeIgniter\CodeIgniter->run()
#11 C:\mentalill\system\Commands\Server\rewrite.php(47): require_once('C:\\mentalill\\pu...')
#12 {main}
CRITICAL - 2024-03-06 22:40:22 --> Unknown column 'id_user' in 'where clause'
in SYSTEMPATH\Database\BaseConnection.php on line 646.
 1 SYSTEMPATH\Database\BaseBuilder.php(1616): CodeIgniter\Database\BaseConnection->query('SELECT *
FROM `dokter`
WHERE `status` = :status:
AND `id_user` = :id_user:
 LIMIT 1', [...], false)
 2 SYSTEMPATH\Model.php(264): CodeIgniter\Database\BaseBuilder->get()
 3 SYSTEMPATH\BaseModel.php(662): CodeIgniter\Model->doFirst()
 4 APPPATH\Controllers\Home.php(583): CodeIgniter\BaseModel->first()
 5 SYSTEMPATH\CodeIgniter.php(915): App\Controllers\Home->booking('7')
 6 SYSTEMPATH\CodeIgniter.php(492): CodeIgniter\CodeIgniter->runController(Object(App\Controllers\Home))
 7 SYSTEMPATH\CodeIgniter.php(353): CodeIgniter\CodeIgniter->handleRequest(null, Object(Config\Cache), false)
 8 FCPATH\index.php(79): CodeIgniter\CodeIgniter->run()
 9 SYSTEMPATH\Commands\Server\rewrite.php(47): require_once('C:\\mentalill\\public\\index.php')
ERROR - 2024-03-06 22:42:52 --> mysqli_sql_exception: Unknown column 'id_user' in 'where clause' in C:\mentalill\system\Database\MySQLi\Connection.php:306
Stack trace:
#0 C:\mentalill\system\Database\MySQLi\Connection.php(306): mysqli->query('SELECT *\nFROM `...', 0)
#1 C:\mentalill\system\Database\BaseConnection.php(692): CodeIgniter\Database\MySQLi\Connection->execute('SELECT *\nFROM `...')
#2 C:\mentalill\system\Database\BaseConnection.php(606): CodeIgniter\Database\BaseConnection->simpleQuery('SELECT *\nFROM `...')
#3 C:\mentalill\system\Database\BaseBuilder.php(1616): CodeIgniter\Database\BaseConnection->query('SELECT *\nFROM `...', Array, false)
#4 C:\mentalill\system\Model.php(264): CodeIgniter\Database\BaseBuilder->get()
#5 C:\mentalill\system\BaseModel.php(662): CodeIgniter\Model->doFirst()
#6 C:\mentalill\app\Controllers\Home.php(583): CodeIgniter\BaseModel->first()
#7 C:\mentalill\system\CodeIgniter.php(915): App\Controllers\Home->booking('7')
#8 C:\mentalill\system\CodeIgniter.php(492): CodeIgniter\CodeIgniter->runController(Object(App\Controllers\Home))
#9 C:\mentalill\system\CodeIgniter.php(353): CodeIgniter\CodeIgniter->handleRequest(NULL, Object(Config\Cache), false)
#10 C:\mentalill\public\index.php(79): CodeIgniter\CodeIgniter->run()
#11 C:\mentalill\system\Commands\Server\rewrite.php(47): require_once('C:\\mentalill\\pu...')
#12 {main}
CRITICAL - 2024-03-06 22:42:52 --> Unknown column 'id_user' in 'where clause'
in SYSTEMPATH\Database\BaseConnection.php on line 646.
 1 SYSTEMPATH\Database\BaseBuilder.php(1616): CodeIgniter\Database\BaseConnection->query('SELECT *
FROM `dokter`
WHERE `status` = :status:
AND `id_user` = :id_user:
 LIMIT 1', [...], false)
 2 SYSTEMPATH\Model.php(264): CodeIgniter\Database\BaseBuilder->get()
 3 SYSTEMPATH\BaseModel.php(662): CodeIgniter\Model->doFirst()
 4 APPPATH\Controllers\Home.php(583): CodeIgniter\BaseModel->first()
 5 SYSTEMPATH\CodeIgniter.php(915): App\Controllers\Home->booking('7')
 6 SYSTEMPATH\CodeIgniter.php(492): CodeIgniter\CodeIgniter->runController(Object(App\Controllers\Home))
 7 SYSTEMPATH\CodeIgniter.php(353): CodeIgniter\CodeIgniter->handleRequest(null, Object(Config\Cache), false)
 8 FCPATH\index.php(79): CodeIgniter\CodeIgniter->run()
 9 SYSTEMPATH\Commands\Server\rewrite.php(47): require_once('C:\\mentalill\\public\\index.php')
ERROR - 2024-03-06 22:42:53 --> mysqli_sql_exception: Unknown column 'id_user' in 'where clause' in C:\mentalill\system\Database\MySQLi\Connection.php:306
Stack trace:
#0 C:\mentalill\system\Database\MySQLi\Connection.php(306): mysqli->query('SELECT *\nFROM `...', 0)
#1 C:\mentalill\system\Database\BaseConnection.php(692): CodeIgniter\Database\MySQLi\Connection->execute('SELECT *\nFROM `...')
#2 C:\mentalill\system\Database\BaseConnection.php(606): CodeIgniter\Database\BaseConnection->simpleQuery('SELECT *\nFROM `...')
#3 C:\mentalill\system\Database\BaseBuilder.php(1616): CodeIgniter\Database\BaseConnection->query('SELECT *\nFROM `...', Array, false)
#4 C:\mentalill\system\Model.php(264): CodeIgniter\Database\BaseBuilder->get()
#5 C:\mentalill\system\BaseModel.php(662): CodeIgniter\Model->doFirst()
#6 C:\mentalill\app\Controllers\Home.php(583): CodeIgniter\BaseModel->first()
#7 C:\mentalill\system\CodeIgniter.php(915): App\Controllers\Home->booking('7')
#8 C:\mentalill\system\CodeIgniter.php(492): CodeIgniter\CodeIgniter->runController(Object(App\Controllers\Home))
#9 C:\mentalill\system\CodeIgniter.php(353): CodeIgniter\CodeIgniter->handleRequest(NULL, Object(Config\Cache), false)
#10 C:\mentalill\public\index.php(79): CodeIgniter\CodeIgniter->run()
#11 C:\mentalill\system\Commands\Server\rewrite.php(47): require_once('C:\\mentalill\\pu...')
#12 {main}
CRITICAL - 2024-03-06 22:42:53 --> Unknown column 'id_user' in 'where clause'
in SYSTEMPATH\Database\BaseConnection.php on line 646.
 1 SYSTEMPATH\Database\BaseBuilder.php(1616): CodeIgniter\Database\BaseConnection->query('SELECT *
FROM `dokter`
WHERE `status` = :status:
AND `id_user` = :id_user:
 LIMIT 1', [...], false)
 2 SYSTEMPATH\Model.php(264): CodeIgniter\Database\BaseBuilder->get()
 3 SYSTEMPATH\BaseModel.php(662): CodeIgniter\Model->doFirst()
 4 APPPATH\Controllers\Home.php(583): CodeIgniter\BaseModel->first()
 5 SYSTEMPATH\CodeIgniter.php(915): App\Controllers\Home->booking('7')
 6 SYSTEMPATH\CodeIgniter.php(492): CodeIgniter\CodeIgniter->runController(Object(App\Controllers\Home))
 7 SYSTEMPATH\CodeIgniter.php(353): CodeIgniter\CodeIgniter->handleRequest(null, Object(Config\Cache), false)
 8 FCPATH\index.php(79): CodeIgniter\CodeIgniter->run()
 9 SYSTEMPATH\Commands\Server\rewrite.php(47): require_once('C:\\mentalill\\public\\index.php')
ERROR - 2024-03-06 22:42:53 --> mysqli_sql_exception: Unknown column 'id_user' in 'where clause' in C:\mentalill\system\Database\MySQLi\Connection.php:306
Stack trace:
#0 C:\mentalill\system\Database\MySQLi\Connection.php(306): mysqli->query('SELECT *\nFROM `...', 0)
#1 C:\mentalill\system\Database\BaseConnection.php(692): CodeIgniter\Database\MySQLi\Connection->execute('SELECT *\nFROM `...')
#2 C:\mentalill\system\Database\BaseConnection.php(606): CodeIgniter\Database\BaseConnection->simpleQuery('SELECT *\nFROM `...')
#3 C:\mentalill\system\Database\BaseBuilder.php(1616): CodeIgniter\Database\BaseConnection->query('SELECT *\nFROM `...', Array, false)
#4 C:\mentalill\system\Model.php(264): CodeIgniter\Database\BaseBuilder->get()
#5 C:\mentalill\system\BaseModel.php(662): CodeIgniter\Model->doFirst()
#6 C:\mentalill\app\Controllers\Home.php(583): CodeIgniter\BaseModel->first()
#7 C:\mentalill\system\CodeIgniter.php(915): App\Controllers\Home->booking('7')
#8 C:\mentalill\system\CodeIgniter.php(492): CodeIgniter\CodeIgniter->runController(Object(App\Controllers\Home))
#9 C:\mentalill\system\CodeIgniter.php(353): CodeIgniter\CodeIgniter->handleRequest(NULL, Object(Config\Cache), false)
#10 C:\mentalill\public\index.php(79): CodeIgniter\CodeIgniter->run()
#11 C:\mentalill\system\Commands\Server\rewrite.php(47): require_once('C:\\mentalill\\pu...')
#12 {main}
CRITICAL - 2024-03-06 22:42:53 --> Unknown column 'id_user' in 'where clause'
in SYSTEMPATH\Database\BaseConnection.php on line 646.
 1 SYSTEMPATH\Database\BaseBuilder.php(1616): CodeIgniter\Database\BaseConnection->query('SELECT *
FROM `dokter`
WHERE `status` = :status:
AND `id_user` = :id_user:
 LIMIT 1', [...], false)
 2 SYSTEMPATH\Model.php(264): CodeIgniter\Database\BaseBuilder->get()
 3 SYSTEMPATH\BaseModel.php(662): CodeIgniter\Model->doFirst()
 4 APPPATH\Controllers\Home.php(583): CodeIgniter\BaseModel->first()
 5 SYSTEMPATH\CodeIgniter.php(915): App\Controllers\Home->booking('7')
 6 SYSTEMPATH\CodeIgniter.php(492): CodeIgniter\CodeIgniter->runController(Object(App\Controllers\Home))
 7 SYSTEMPATH\CodeIgniter.php(353): CodeIgniter\CodeIgniter->handleRequest(null, Object(Config\Cache), false)
 8 FCPATH\index.php(79): CodeIgniter\CodeIgniter->run()
 9 SYSTEMPATH\Commands\Server\rewrite.php(47): require_once('C:\\mentalill\\public\\index.php')
CRITICAL - 2024-03-06 23:01:33 --> syntax error, unexpected token "public", expecting end of file
in APPPATH\Controllers\Home.php on line 646.
 1 SYSTEMPATH\Autoloader\Autoloader.php(285): CodeIgniter\Autoloader\Autoloader->includeFile('C:\\mentalill\\app\\Controllers\\Home.php')
 2 SYSTEMPATH\Autoloader\Autoloader.php(263): CodeIgniter\Autoloader\Autoloader->loadInNamespace('App\\Controllers\\Home')
 3 [internal function]: CodeIgniter\Autoloader\Autoloader->loadClass('App\\Controllers\\Home')
 4 SYSTEMPATH\CodeIgniter.php(873): class_exists('\\App\\Controllers\\Home', true)
 5 SYSTEMPATH\CodeIgniter.php(479): CodeIgniter\CodeIgniter->startController()
 6 SYSTEMPATH\CodeIgniter.php(353): CodeIgniter\CodeIgniter->handleRequest(null, Object(Config\Cache), false)
 7 FCPATH\index.php(79): CodeIgniter\CodeIgniter->run()
 8 SYSTEMPATH\Commands\Server\rewrite.php(47): require_once('C:\\mentalill\\public\\index.php')
CRITICAL - 2024-03-06 23:05:48 --> Class "App\Controllers\M_Dokter" not found
in APPPATH\Controllers\Home.php on line 20.
 1 SYSTEMPATH\CodeIgniter.php(887): App\Controllers\Home->__construct()
 2 SYSTEMPATH\CodeIgniter.php(483): CodeIgniter\CodeIgniter->createController()
 3 SYSTEMPATH\CodeIgniter.php(353): CodeIgniter\CodeIgniter->handleRequest(null, Object(Config\Cache), false)
 4 FCPATH\index.php(79): CodeIgniter\CodeIgniter->run()
 5 SYSTEMPATH\Commands\Server\rewrite.php(47): require_once('C:\\mentalill\\public\\index.php')
CRITICAL - 2024-03-06 23:06:12 --> Undefined variable $dokters
in APPPATH\Views\dokter.php on line 24.
 1 APPPATH\Views\dokter.php(24): CodeIgniter\Debug\Exceptions->errorHandler(2, 'Undefined variable $dokters', 'C:\\mentalill\\app\\Views\\dokter.php', 24)
 2 SYSTEMPATH\View\View.php(226): include('C:\\mentalill\\app\\Views\\dokter.php')
 3 SYSTEMPATH\View\View.php(229): CodeIgniter\View\View->CodeIgniter\View\{closure}()
 4 SYSTEMPATH\Common.php(1178): CodeIgniter\View\View->render('dokter', [], true)
 5 APPPATH\Controllers\Home.php(450): view('dokter', [...])
 6 SYSTEMPATH\CodeIgniter.php(915): App\Controllers\Home->dokter()
 7 SYSTEMPATH\CodeIgniter.php(492): CodeIgniter\CodeIgniter->runController(Object(App\Controllers\Home))
 8 SYSTEMPATH\CodeIgniter.php(353): CodeIgniter\CodeIgniter->handleRequest(null, Object(Config\Cache), false)
 9 FCPATH\index.php(79): CodeIgniter\CodeIgniter->run()
10 SYSTEMPATH\Commands\Server\rewrite.php(47): require_once('C:\\mentalill\\public\\index.php')
CRITICAL - 2024-03-06 23:17:09 --> Cannot redeclare App\Models\M_Sakit::$allowedFields
in APPPATH\Models\M_Sakit.php on line 154.
 1 [internal function]: CodeIgniter\Debug\Exceptions->shutdownHandler()
CRITICAL - 2024-03-06 23:17:59 --> Undefined variable $dokters
in APPPATH\Views\dokter.php on line 24.
 1 APPPATH\Views\dokter.php(24): CodeIgniter\Debug\Exceptions->errorHandler(2, 'Undefined variable $dokters', 'C:\\mentalill\\app\\Views\\dokter.php', 24)
 2 SYSTEMPATH\View\View.php(226): include('C:\\mentalill\\app\\Views\\dokter.php')
 3 SYSTEMPATH\View\View.php(229): CodeIgniter\View\View->CodeIgniter\View\{closure}()
 4 SYSTEMPATH\Common.php(1178): CodeIgniter\View\View->render('dokter', [], true)
 5 APPPATH\Controllers\Home.php(365): view('dokter', [...])
 6 SYSTEMPATH\CodeIgniter.php(915): App\Controllers\Home->dokter()
 7 SYSTEMPATH\CodeIgniter.php(492): CodeIgniter\CodeIgniter->runController(Object(App\Controllers\Home))
 8 SYSTEMPATH\CodeIgniter.php(353): CodeIgniter\CodeIgniter->handleRequest(null, Object(Config\Cache), false)
 9 FCPATH\index.php(79): CodeIgniter\CodeIgniter->run()
10 SYSTEMPATH\Commands\Server\rewrite.php(47): require_once('C:\\mentalill\\public\\index.php')
