CRITICAL - 2024-03-01 08:09:29 --> Undefined variable $id
in APPPATH\Controllers\Home.php on line 546.
 1 APPPATH\Controllers\Home.php(546): CodeIgniter\Debug\Exceptions->errorHandler(2, 'Undefined variable $id', 'C:\\mentalill\\app\\Controllers\\Home.php', 546)
 2 SYSTEMPATH\CodeIgniter.php(915): App\Controllers\Home->booking()
 3 SYSTEMPATH\CodeIgniter.php(492): CodeIgniter\CodeIgniter->runController(Object(App\Controllers\Home))
 4 SYSTEMPATH\CodeIgniter.php(353): CodeIgniter\CodeIgniter->handleRequest(null, Object(Config\Cache), false)
 5 FCPATH\index.php(79): CodeIgniter\CodeIgniter->run()
 6 SYSTEMPATH\Commands\Server\rewrite.php(47): require_once('C:\\mentalill\\public\\index.php')
CRITICAL - 2024-03-01 08:09:30 --> Undefined variable $id
in APPPATH\Controllers\Home.php on line 546.
 1 APPPATH\Controllers\Home.php(546): CodeIgniter\Debug\Exceptions->errorHandler(2, 'Undefined variable $id', 'C:\\mentalill\\app\\Controllers\\Home.php', 546)
 2 SYSTEMPATH\CodeIgniter.php(915): App\Controllers\Home->booking()
 3 SYSTEMPATH\CodeIgniter.php(492): CodeIgniter\CodeIgniter->runController(Object(App\Controllers\Home))
 4 SYSTEMPATH\CodeIgniter.php(353): CodeIgniter\CodeIgniter->handleRequest(null, Object(Config\Cache), false)
 5 FCPATH\index.php(79): CodeIgniter\CodeIgniter->run()
 6 SYSTEMPATH\Commands\Server\rewrite.php(47): require_once('C:\\mentalill\\public\\index.php')
CRITICAL - 2024-03-01 08:10:00 --> Undefined variable $id
in APPPATH\Controllers\Home.php on line 546.
 1 APPPATH\Controllers\Home.php(546): CodeIgniter\Debug\Exceptions->errorHandler(2, 'Undefined variable $id', 'C:\\mentalill\\app\\Controllers\\Home.php', 546)
 2 SYSTEMPATH\CodeIgniter.php(915): App\Controllers\Home->booking()
 3 SYSTEMPATH\CodeIgniter.php(492): CodeIgniter\CodeIgniter->runController(Object(App\Controllers\Home))
 4 SYSTEMPATH\CodeIgniter.php(353): CodeIgniter\CodeIgniter->handleRequest(null, Object(Config\Cache), false)
 5 FCPATH\index.php(79): CodeIgniter\CodeIgniter->run()
 6 SYSTEMPATH\Commands\Server\rewrite.php(47): require_once('C:\\mentalill\\public\\index.php')
CRITICAL - 2024-03-01 08:10:00 --> Undefined variable $id
in APPPATH\Controllers\Home.php on line 546.
 1 APPPATH\Controllers\Home.php(546): CodeIgniter\Debug\Exceptions->errorHandler(2, 'Undefined variable $id', 'C:\\mentalill\\app\\Controllers\\Home.php', 546)
 2 SYSTEMPATH\CodeIgniter.php(915): App\Controllers\Home->booking()
 3 SYSTEMPATH\CodeIgniter.php(492): CodeIgniter\CodeIgniter->runController(Object(App\Controllers\Home))
 4 SYSTEMPATH\CodeIgniter.php(353): CodeIgniter\CodeIgniter->handleRequest(null, Object(Config\Cache), false)
 5 FCPATH\index.php(79): CodeIgniter\CodeIgniter->run()
 6 SYSTEMPATH\Commands\Server\rewrite.php(47): require_once('C:\\mentalill\\public\\index.php')
CRITICAL - 2024-03-01 08:10:38 --> Too few arguments to function App\Controllers\Home::booking(), 0 passed in C:\mentalill\system\CodeIgniter.php on line 915 and exactly 1 expected
in APPPATH\Controllers\Home.php on line 542.
 1 SYSTEMPATH\CodeIgniter.php(915): App\Controllers\Home->booking()
 2 SYSTEMPATH\CodeIgniter.php(492): CodeIgniter\CodeIgniter->runController(Object(App\Controllers\Home))
 3 SYSTEMPATH\CodeIgniter.php(353): CodeIgniter\CodeIgniter->handleRequest(null, Object(Config\Cache), false)
 4 FCPATH\index.php(79): CodeIgniter\CodeIgniter->run()
 5 SYSTEMPATH\Commands\Server\rewrite.php(47): require_once('C:\\mentalill\\public\\index.php')
CRITICAL - 2024-03-01 08:11:44 --> Undefined property: stdClass::$deskripsi
in APPPATH\Views\booking.php on line 36.
 1 APPPATH\Views\booking.php(36): CodeIgniter\Debug\Exceptions->errorHandler(2, 'Undefined property: stdClass::$deskripsi', 'C:\\mentalill\\app\\Views\\booking.php', 36)
 2 SYSTEMPATH\View\View.php(226): include('C:\\mentalill\\app\\Views\\booking.php')
 3 SYSTEMPATH\View\View.php(229): CodeIgniter\View\View->CodeIgniter\View\{closure}()
 4 SYSTEMPATH\Common.php(1178): CodeIgniter\View\View->render('booking', [], true)
 5 APPPATH\Controllers\Home.php(552): view('booking', [...])
 6 SYSTEMPATH\CodeIgniter.php(915): App\Controllers\Home->booking('7')
 7 SYSTEMPATH\CodeIgniter.php(492): CodeIgniter\CodeIgniter->runController(Object(App\Controllers\Home))
 8 SYSTEMPATH\CodeIgniter.php(353): CodeIgniter\CodeIgniter->handleRequest(null, Object(Config\Cache), false)
 9 FCPATH\index.php(79): CodeIgniter\CodeIgniter->run()
10 SYSTEMPATH\Commands\Server\rewrite.php(47): require_once('C:\\mentalill\\public\\index.php')
